3/3/2015 11:13:47 AM	This log contains information about the import schema operation into project 'SQLDataViewerAuthenticationDB' on computer 'DACW0140' by user 'Saiful.Islam'.
3/3/2015 11:13:47 AM	Import of database schema has started.
3/3/2015 11:13:53 AM	Gathering database options
3/3/2015 11:13:53 AM	Gathering users
3/3/2015 11:13:53 AM	Gathering roles
3/3/2015 11:13:53 AM	Gathering application roles
3/3/2015 11:13:53 AM	Gathering role memberships
3/3/2015 11:13:53 AM	Gathering filegroups
3/3/2015 11:13:53 AM	Gathering full-text catalogs
3/3/2015 11:13:53 AM	Gathering assemblies
3/3/2015 11:13:53 AM	Gathering certificates
3/3/2015 11:13:53 AM	Gathering asymmetric keys
3/3/2015 11:13:53 AM	Gathering symmetric keys
3/3/2015 11:13:53 AM	Gathering encrypted symmetric keys
3/3/2015 11:13:53 AM	Gathering schemas
3/3/2015 11:13:53 AM	Gathering XML schema collections
3/3/2015 11:13:53 AM	Gathering user-defined data types
3/3/2015 11:13:53 AM	Gathering user-defined types
3/3/2015 11:13:53 AM	Gathering table types
3/3/2015 11:13:53 AM	Gathering unique keys for table types
3/3/2015 11:13:53 AM	Gathering primary keys for table types
3/3/2015 11:13:53 AM	Gathering check constraints for table types
3/3/2015 11:13:53 AM	Gathering default constraints for table types
3/3/2015 11:13:53 AM	Gathering partition functions
3/3/2015 11:13:53 AM	Gathering partition schemes
3/3/2015 11:13:53 AM	Gathering functions
3/3/2015 11:13:53 AM	Gathering encrypted functions
3/3/2015 11:13:53 AM	Gathering aggregates
3/3/2015 11:13:53 AM	Gathering procedures
3/3/2015 11:13:53 AM	Gathering encrypted procedures
3/3/2015 11:13:53 AM	Gathering tables
3/3/2015 11:13:53 AM	Gathering primary keys
3/3/2015 11:13:53 AM	Gathering unique constraints
3/3/2015 11:13:53 AM	Gathering foreign keys
3/3/2015 11:13:53 AM	Gathering default constraints
3/3/2015 11:13:53 AM	Gathering check constraints
3/3/2015 11:13:53 AM	Gathering views
3/3/2015 11:13:53 AM	Gathering encrypted views
3/3/2015 11:13:53 AM	Gathering indexes
3/3/2015 11:13:53 AM	Gathering statistics
3/3/2015 11:13:53 AM	Gathering full-text index stoplists
3/3/2015 11:13:53 AM	Gathering full-text indexes
3/3/2015 11:13:53 AM	Gathering spatial indexes
3/3/2015 11:13:53 AM	Gathering XML indexes
3/3/2015 11:13:53 AM	Gathering encrypted triggers
3/3/2015 11:13:53 AM	Gathering triggers
3/3/2015 11:13:53 AM	Gathering encrypted and clr ddl triggers
3/3/2015 11:13:53 AM	Gathering ddl triggers
3/3/2015 11:13:53 AM	Gathering synonyms
3/3/2015 11:13:53 AM	Gathering defaults
3/3/2015 11:13:53 AM	Gathering data constraint uddt bindings
3/3/2015 11:13:53 AM	Gathering rules
3/3/2015 11:13:53 AM	Gathering data constraint uddt bindings
3/3/2015 11:13:53 AM	Gathering message types
3/3/2015 11:13:53 AM	Gathering queues
3/3/2015 11:13:53 AM	Gathering contracts
3/3/2015 11:13:53 AM	Gathering services
3/3/2015 11:13:53 AM	Gathering event notifications
3/3/2015 11:13:53 AM	Gathering remote service bindings
3/3/2015 11:13:53 AM	Gathering broker priorities
3/3/2015 11:13:53 AM	Gathering signatures
3/3/2015 11:13:53 AM	Gathering data compression options
3/3/2015 11:13:53 AM	Gathering extended properties
3/3/2015 11:13:53 AM	Gathering credentials
3/3/2015 11:13:54 AM	Gathering logins
3/3/2015 11:13:54 AM	Gathering server audits
3/3/2015 11:13:54 AM	Scanning project for duplicate elements
3/3/2015 11:13:54 AM	Finished duplicate element processing
3/3/2015 11:13:54 AM	Finished importing database.
3/3/2015 11:13:54 AM	A summary of the import was saved to the following location: D:\Sanofi\Database\SQLDataViewerAuthenticationDB\SQLDataViewerAuthenticationDB\Import Schema Logs\SQLDataViewerAuthent_20150303051347.log
3/3/2015 11:13:54 AM	Click Finish to continue...
